<?xml version="1.0" encoding="UTF-8"?>
<!-- Generated by org.testng.reporters.JUnitReportReporter -->
<testsuite skipped="0" hostname="ermao-PC" name="TestNGTwoPack.ClassTwo" tests="2" failures="0" timestamp="12 Oct 2018 03:58:32 GMT" time="3.872" errors="0">
  <testcase name="testmethodone" time="1.789" classname="TestNGTwoPack.ClassTwo"/>
  <testcase name="testmethodone" time="2.083" classname="TestNGTwoPack.ClassTwo"/>
</testsuite> <!-- TestNGTwoPack.ClassTwo -->
