<?xml version="1.0" encoding="UTF-8"?>
<!-- Generated by org.testng.reporters.JUnitReportReporter -->
<testsuite skipped="0" hostname="ermao-PC" name="Wait.implicitWait" tests="1" failures="0" timestamp="12 Oct 2018 03:58:32 GMT" time="0.111" errors="0">
  <testcase name="test" time="0.111" classname="Wait.implicitWait"/>
</testsuite> <!-- Wait.implicitWait -->
