<?xml version="1.0" encoding="UTF-8"?>
<!-- Generated by org.testng.reporters.JUnitReportReporter -->
<testsuite skipped="0" hostname="ermao-PC" name="TestNGThreePack.ClassTwo" tests="2" failures="0" timestamp="12 Oct 2018 03:58:32 GMT" time="3.297" errors="0">
  <testcase name="testmethodone" time="1.601" classname="TestNGThreePack.ClassTwo"/>
  <testcase name="testmethodone" time="1.696" classname="TestNGThreePack.ClassTwo"/>
</testsuite> <!-- TestNGThreePack.ClassTwo -->
