<?xml version="1.0" encoding="UTF-8"?>
<!-- Generated by org.testng.reporters.JUnitReportReporter -->
<testsuite skipped="0" hostname="ermao-PC" name="Wait.waitForAlert" tests="1" failures="0" timestamp="12 Oct 2018 03:58:32 GMT" time="4.882" errors="0">
  <testcase name="test" time="4.882" classname="Wait.waitForAlert"/>
</testsuite> <!-- Wait.waitForAlert -->
