<?xml version="1.0" encoding="UTF-8"?>
<!-- Generated by org.testng.reporters.JUnitReportReporter -->
<testsuite skipped="0" hostname="ermao-PC" name="com.sample.firstmavenproject.GoogleHomePageTest" tests="1" failures="0" timestamp="15 Oct 2018 20:04:42 GMT" time="15.198" errors="0">
  <testcase name="testmethodone" time="15.198" classname="com.sample.firstmavenproject.GoogleHomePageTest"/>
</testsuite> <!-- com.sample.firstmavenproject.GoogleHomePageTest -->
