<?xml version="1.0" encoding="UTF-8"?>
<!-- Generated by org.testng.reporters.JUnitReportReporter -->
<testsuite skipped="0" hostname="ermao-PC" name="TestNGThreePack.ClassTwo" tests="2" failures="0" timestamp="12 Oct 2018 04:11:12 GMT" time="3.762" errors="0">
  <testcase name="testmethodone" time="1.990" classname="TestNGThreePack.ClassTwo"/>
  <testcase name="testmethodone" time="1.772" classname="TestNGThreePack.ClassTwo"/>
</testsuite> <!-- TestNGThreePack.ClassTwo -->
