<?xml version="1.0" encoding="UTF-8"?>
<!-- Generated by org.testng.reporters.JUnitReportReporter -->
<testsuite skipped="0" hostname="ermao-PC" name="com.sample.firstmavenproject.GoogleHomePageTest" tests="1" failures="0" timestamp="12 Oct 2018 02:40:13 GMT" time="18.221" errors="0">
  <testcase name="testmethodone" time="18.221" classname="com.sample.firstmavenproject.GoogleHomePageTest"/>
</testsuite> <!-- com.sample.firstmavenproject.GoogleHomePageTest -->
