<?xml version="1.0" encoding="UTF-8"?>
<!-- Generated by org.testng.reporters.JUnitReportReporter -->
<testsuite skipped="0" hostname="ermao-PC" name="Wait.waitForAlert" tests="1" failures="0" timestamp="12 Oct 2018 02:40:13 GMT" time="6.418" errors="0">
  <testcase name="test" time="6.418" classname="Wait.waitForAlert"/>
</testsuite> <!-- Wait.waitForAlert -->
