<?xml version="1.0" encoding="UTF-8"?>
<!-- Generated by org.testng.reporters.JUnitReportReporter -->
<testsuite skipped="0" hostname="ermao-PC" name="TestNGOnePack.ClassOne" tests="1" failures="0" timestamp="12 Oct 2018 04:11:12 GMT" time="0.021" errors="0">
  <testcase name="testmethodone" time="0.021" classname="TestNGOnePack.ClassOne"/>
</testsuite> <!-- TestNGOnePack.ClassOne -->
