<?xml version="1.0" encoding="UTF-8"?>
<!-- Generated by org.testng.reporters.JUnitReportReporter -->
<testsuite skipped="0" hostname="ermao-PC" name="TestNGThreePack.ClassOne" tests="2" failures="0" timestamp="12 Oct 2018 04:11:12 GMT" time="0.037" errors="0">
  <testcase name="testmethodone" time="0.010" classname="TestNGThreePack.ClassOne"/>
  <testcase name="testmethodone" time="0.027" classname="TestNGThreePack.ClassOne"/>
</testsuite> <!-- TestNGThreePack.ClassOne -->
