<?xml version="1.0" encoding="UTF-8"?>
<!-- Generated by org.testng.reporters.JUnitReportReporter -->
<testsuite skipped="0" hostname="ermao-PC" name="TestNGTwoPack.ClassTwo" tests="2" failures="0" timestamp="12 Oct 2018 04:11:12 GMT" time="3.850" errors="0">
  <testcase name="testmethodone" time="1.679" classname="TestNGTwoPack.ClassTwo"/>
  <testcase name="testmethodone" time="2.171" classname="TestNGTwoPack.ClassTwo"/>
</testsuite> <!-- TestNGTwoPack.ClassTwo -->
