<?xml version="1.0" encoding="UTF-8"?>
<!-- Generated by org.testng.reporters.JUnitReportReporter -->
<testsuite skipped="0" hostname="ermao-PC" name="TestNGOnePack.ClassTwo" tests="2" failures="0" timestamp="12 Oct 2018 02:40:13 GMT" time="3.351" errors="0">
  <testcase name="testmethodone" time="1.635" classname="TestNGOnePack.ClassTwo"/>
  <testcase name="testmethodone" time="1.716" classname="TestNGOnePack.ClassTwo"/>
</testsuite> <!-- TestNGOnePack.ClassTwo -->
